<?xml version="1.0" encoding="UTF-8"?>
<!-- Generated by org.testng.reporters.JUnitReportReporter -->
<testsuite hostname="Mukul-PC" name="com.selenium.sample.TestListenerPrac" tests="1" failures="0" timestamp="15 May 2016 07:33:10 GMT" time="0.017" errors="0">
  <testcase name="newTest" time="0.017" classname="com.selenium.sample.TestListenerPrac"/>
</testsuite> <!-- com.selenium.sample.TestListenerPrac -->
